<?xml version="1.0" encoding="UTF-8"?>
<!-- Generated by org.testng.reporters.JUnitXMLReporter -->
<testsuite hostname="apathak-MBP.local" ignored="0" name="Test" tests="3" failures="0" timestamp="12 Jan 2020 15:06:08 GMT" time="104.473" errors="0">
  <testcase name="test2" time="1.934" classname="remoteTesting.dockerValidation.chromeTest2"/>
  <testcase name="test1" time="2.786" classname="remoteTesting.dockerValidation.chromeTest1"/>
  <testcase name="test3" time="66.287" classname="remoteTesting.dockerValidation.chromeTest3"/>
</testsuite> <!-- Test -->
