<?xml version="1.0" encoding="UTF-8"?>
<!-- Generated by org.testng.reporters.JUnitXMLReporter -->
<testsuite hostname="apathak-MBP.local" ignored="0" name="Test" tests="3" failures="0" timestamp="14 Jan 2020 10:38:32 GMT" time="72.152" errors="0">
  <testcase name="test1" time="3.526" classname="remoteTesting.dockerValidation.chromeTest1"/>
  <testcase name="test2" time="4.225" classname="remoteTesting.dockerValidation.chromeTest2"/>
  <testcase name="test3" time="39.367" classname="remoteTesting.dockerValidation.chromeTest3"/>
</testsuite> <!-- Test -->
